  DataBaseConnectivity.cpp
C:\Program Files (x86)\Windows Kits\10\Include\10.0.22621.0\um\sqltypes.h(64,9): error C4430: identificatore di tipo mancante, verrà utilizzato int. Nota: default-int non è più supportato in C++
  (compilazione del file di origine 'DataBaseConnectivity.cpp')
  
C:\Program Files (x86)\Windows Kits\10\Include\10.0.22621.0\um\sqltypes.h(64,25): error C2146: errore di sintassi: ';' mancante prima dell'identificatore 'SQLLEN'
  (compilazione del file di origine 'DataBaseConnectivity.cpp')
  
C:\Program Files (x86)\Windows Kits\10\Include\10.0.22621.0\um\sqltypes.h(64,25): error C4430: identificatore di tipo mancante, verrà utilizzato int. Nota: default-int non è più supportato in C++
  (compilazione del file di origine 'DataBaseConnectivity.cpp')
  
C:\Program Files (x86)\Windows Kits\10\Include\10.0.22621.0\um\sqltypes.h(65,9): error C4430: identificatore di tipo mancante, verrà utilizzato int. Nota: default-int non è più supportato in C++
  (compilazione del file di origine 'DataBaseConnectivity.cpp')
  
C:\Program Files (x86)\Windows Kits\10\Include\10.0.22621.0\um\sqltypes.h(65,25): error C2146: errore di sintassi: ';' mancante prima dell'identificatore 'SQLULEN'
  (compilazione del file di origine 'DataBaseConnectivity.cpp')
  
C:\Program Files (x86)\Windows Kits\10\Include\10.0.22621.0\um\sqltypes.h(65,25): error C4430: identificatore di tipo mancante, verrà utilizzato int. Nota: default-int non è più supportato in C++
  (compilazione del file di origine 'DataBaseConnectivity.cpp')
  
C:\Program Files (x86)\Windows Kits\10\Include\10.0.22621.0\um\sqltypes.h(289,11): error C3646: 'Data1': identificatore di override sconosciuto
  (compilazione del file di origine 'DataBaseConnectivity.cpp')
  
C:\Program Files (x86)\Windows Kits\10\Include\10.0.22621.0\um\sqltypes.h(289,5): error C4430: identificatore di tipo mancante, verrà utilizzato int. Nota: default-int non è più supportato in C++
  (compilazione del file di origine 'DataBaseConnectivity.cpp')
  
C:\Program Files (x86)\Windows Kits\10\Include\10.0.22621.0\um\sqltypes.h(290,10): error C3646: 'Data2': identificatore di override sconosciuto
  (compilazione del file di origine 'DataBaseConnectivity.cpp')
  
C:\Program Files (x86)\Windows Kits\10\Include\10.0.22621.0\um\sqltypes.h(290,5): error C4430: identificatore di tipo mancante, verrà utilizzato int. Nota: default-int non è più supportato in C++
  (compilazione del file di origine 'DataBaseConnectivity.cpp')
  
C:\Program Files (x86)\Windows Kits\10\Include\10.0.22621.0\um\sqltypes.h(291,10): error C3646: 'Data3': identificatore di override sconosciuto
  (compilazione del file di origine 'DataBaseConnectivity.cpp')
  
C:\Program Files (x86)\Windows Kits\10\Include\10.0.22621.0\um\sqltypes.h(291,5): error C4430: identificatore di tipo mancante, verrà utilizzato int. Nota: default-int non è più supportato in C++
  (compilazione del file di origine 'DataBaseConnectivity.cpp')
  
C:\Program Files (x86)\Windows Kits\10\Include\10.0.22621.0\um\sqltypes.h(292,10): error C3646: 'Data4': identificatore di override sconosciuto
  (compilazione del file di origine 'DataBaseConnectivity.cpp')
  
C:\Program Files (x86)\Windows Kits\10\Include\10.0.22621.0\um\sqltypes.h(292,15): error C2143: errore di sintassi: ',' mancante prima di '['
  (compilazione del file di origine 'DataBaseConnectivity.cpp')
  
C:\Program Files (x86)\Windows Kits\10\Include\10.0.22621.0\um\sqltypes.h(292,20): error C2238: token imprevisti prima di ';'
  (compilazione del file di origine 'DataBaseConnectivity.cpp')
  
C:\Program Files (x86)\Windows Kits\10\Include\10.0.22621.0\um\sqltypes.h(297,9): error C4430: identificatore di tipo mancante, verrà utilizzato int. Nota: default-int non è più supportato in C++
  (compilazione del file di origine 'DataBaseConnectivity.cpp')
  
C:\Program Files (x86)\Windows Kits\10\Include\10.0.22621.0\um\sqltypes.h(297,9): error C2378: 'SQLULEN': ridefinizione. Non è possibile eseguire l'overload del simbolo con typedef.
  (compilazione del file di origine 'DataBaseConnectivity.cpp')
      C:\Program Files (x86)\Windows Kits\10\Include\10.0.22621.0\um\sqltypes.h(65,25):
      vedere la dichiarazione di 'SQLULEN'
  
C:\Program Files (x86)\Windows Kits\10\Include\10.0.22621.0\um\sqltypes.h(297,25): error C2146: errore di sintassi: ';' mancante prima dell'identificatore 'BOOKMARK'
  (compilazione del file di origine 'DataBaseConnectivity.cpp')
  
C:\Program Files (x86)\Windows Kits\10\Include\10.0.22621.0\um\sqltypes.h(297,25): error C4430: identificatore di tipo mancante, verrà utilizzato int. Nota: default-int non è più supportato in C++
  (compilazione del file di origine 'DataBaseConnectivity.cpp')
  
C:\Program Files (x86)\Windows Kits\10\Include\10.0.22621.0\um\sql.h(621,12): error C2061: errore di sintassi: identificatore 'SQLLEN'
  (compilazione del file di origine 'DataBaseConnectivity.cpp')
  
C:\Program Files (x86)\Windows Kits\10\Include\10.0.22621.0\um\sql.h(627,39): error C2061: errore di sintassi: identificatore 'SQLULEN'
  (compilazione del file di origine 'DataBaseConnectivity.cpp')
  
C:\Program Files (x86)\Windows Kits\10\Include\10.0.22621.0\um\sql.h(645,59): error C2061: errore di sintassi: identificatore 'SQLLEN'
  (compilazione del file di origine 'DataBaseConnectivity.cpp')
  
C:\Program Files (x86)\Windows Kits\10\Include\10.0.22621.0\um\sql.h(686,55): error C2061: errore di sintassi: identificatore 'SQLULEN'
  (compilazione del file di origine 'DataBaseConnectivity.cpp')
  
C:\Program Files (x86)\Windows Kits\10\Include\10.0.22621.0\um\sql.h(715,42): error C2061: errore di sintassi: identificatore 'SQLLEN'
  (compilazione del file di origine 'DataBaseConnectivity.cpp')
  
C:\Program Files (x86)\Windows Kits\10\Include\10.0.22621.0\um\sql.h(750,84): error C2061: errore di sintassi: identificatore 'SQLLEN'
  (compilazione del file di origine 'DataBaseConnectivity.cpp')
  
C:\Program Files (x86)\Windows Kits\10\Include\10.0.22621.0\um\sql.h(763,22): error C2061: errore di sintassi: identificatore 'SQLLEN'
  (compilazione del file di origine 'DataBaseConnectivity.cpp')
  
C:\Program Files (x86)\Windows Kits\10\Include\10.0.22621.0\um\sql.h(826,72): error C2061: errore di sintassi: identificatore 'SQLLEN'
  (compilazione del file di origine 'DataBaseConnectivity.cpp')
  
C:\Program Files (x86)\Windows Kits\10\Include\10.0.22621.0\um\sql.h(829,38): error C2061: errore di sintassi: identificatore 'SQLLEN'
  (compilazione del file di origine 'DataBaseConnectivity.cpp')
  
C:\Program Files (x86)\Windows Kits\10\Include\10.0.22621.0\um\sql.h(839,33): error C2061: errore di sintassi: identificatore 'SQLULEN'
  (compilazione del file di origine 'DataBaseConnectivity.cpp')
  
C:\Program Files (x86)\Windows Kits\10\Include\10.0.22621.0\um\sql.h(855,33): error C2061: errore di sintassi: identificatore 'SQLLEN'
  (compilazione del file di origine 'DataBaseConnectivity.cpp')
  
C:\Program Files (x86)\Windows Kits\10\Include\10.0.22621.0\um\sql.h(868,39): error C2061: errore di sintassi: identificatore 'SQLULEN'
  (compilazione del file di origine 'DataBaseConnectivity.cpp')
  
C:\Program Files (x86)\Windows Kits\10\Include\10.0.22621.0\um\sql.h(880,33): error C2061: errore di sintassi: identificatore 'SQLULEN'
  (compilazione del file di origine 'DataBaseConnectivity.cpp')
  
C:\Program Files (x86)\Windows Kits\10\Include\10.0.22621.0\um\sqlext.h(1930,5): error C2061: errore di sintassi: identificatore 'SQLLEN'
  (compilazione del file di origine 'DataBaseConnectivity.cpp')
  
C:\Program Files (x86)\Windows Kits\10\Include\10.0.22621.0\um\sqlext.h(1953,5): error C2061: errore di sintassi: identificatore 'SQLULEN'
  (compilazione del file di origine 'DataBaseConnectivity.cpp')
  
C:\Program Files (x86)\Windows Kits\10\Include\10.0.22621.0\um\sqlext.h(1962,5): error C2061: errore di sintassi: identificatore 'SQLLEN'
  (compilazione del file di origine 'DataBaseConnectivity.cpp')
  
C:\Program Files (x86)\Windows Kits\10\Include\10.0.22621.0\um\sqlext.h(2009,5): error C2061: errore di sintassi: identificatore 'SQLULEN'
  (compilazione del file di origine 'DataBaseConnectivity.cpp')
  
C:\Program Files (x86)\Windows Kits\10\Include\10.0.22621.0\um\sqlext.h(2091,5): error C2061: errore di sintassi: identificatore 'SQLULEN'
  (compilazione del file di origine 'DataBaseConnectivity.cpp')
  
C:\Program Files (x86)\Windows Kits\10\Include\10.0.22621.0\um\sqlext.h(2160,5): error C2061: errore di sintassi: identificatore 'SQLLEN'
  (compilazione del file di origine 'DataBaseConnectivity.cpp')
  
C:\Program Files (x86)\Windows Kits\10\Include\10.0.22621.0\um\sqlext.h(2170,37): error C2065: 'LPWSTR': identificatore non dichiarato
  (compilazione del file di origine 'DataBaseConnectivity.cpp')
  
C:\Program Files (x86)\Windows Kits\10\Include\10.0.22621.0\um\sqlext.h(2170,44): error C2146: errore di sintassi: ')' mancante prima dell'identificatore 'szFileName'
  (compilazione del file di origine 'DataBaseConnectivity.cpp')
  
C:\Program Files (x86)\Windows Kits\10\Include\10.0.22621.0\um\sqlext.h(2176,1): error C4430: identificatore di tipo mancante, verrà utilizzato int. Nota: default-int non è più supportato in C++
  (compilazione del file di origine 'DataBaseConnectivity.cpp')
  
C:\Program Files (x86)\Windows Kits\10\Include\10.0.22621.0\um\sqlext.h(2176,17): error C2146: errore di sintassi: ';' mancante prima dell'identificatore 'TraceReturn'
  (compilazione del file di origine 'DataBaseConnectivity.cpp')
  
C:\Program Files (x86)\Windows Kits\10\Include\10.0.22621.0\um\sqlext.h(2177,1): error C4430: identificatore di tipo mancante, verrà utilizzato int. Nota: default-int non è più supportato in C++
  (compilazione del file di origine 'DataBaseConnectivity.cpp')
  
C:\Program Files (x86)\Windows Kits\10\Include\10.0.22621.0\um\sqlext.h(2177,17): error C2146: errore di sintassi: ';' mancante prima dell'identificatore 'TraceVersion'
  (compilazione del file di origine 'DataBaseConnectivity.cpp')
  
C:\Program Files (x86)\Windows Kits\10\Include\10.0.22621.0\um\sqlext.h(2195,1): error C4430: identificatore di tipo mancante, verrà utilizzato int. Nota: default-int non è più supportato in C++
  (compilazione del file di origine 'DataBaseConnectivity.cpp')
  
C:\Program Files (x86)\Windows Kits\10\Include\10.0.22621.0\um\sqlext.h(2195,17): error C2146: errore di sintassi: ';' mancante prima dell'identificatore 'ODBCSetTryWaitValue'
  (compilazione del file di origine 'DataBaseConnectivity.cpp')
  
C:\Program Files (x86)\Windows Kits\10\Include\10.0.22621.0\um\sqlext.h(2196,1): error C4430: identificatore di tipo mancante, verrà utilizzato int. Nota: default-int non è più supportato in C++
  (compilazione del file di origine 'DataBaseConnectivity.cpp')
  
C:\Program Files (x86)\Windows Kits\10\Include\10.0.22621.0\um\sqlext.h(2196,1): error C2086: 'int DWORD': ridefinizione
  (compilazione del file di origine 'DataBaseConnectivity.cpp')
      C:\Program Files (x86)\Windows Kits\10\Include\10.0.22621.0\um\sqlext.h(2177,1):
      vedere la dichiarazione di 'DWORD'
  
C:\Program Files (x86)\Windows Kits\10\Include\10.0.22621.0\um\sqlext.h(2196,17): error C2146: errore di sintassi: ';' mancante prima dell'identificatore 'ODBCGetTryWaitValue'
  (compilazione del file di origine 'DataBaseConnectivity.cpp')
  
C:\Program Files (x86)\Windows Kits\10\Include\10.0.22621.0\um\sqlext.h(2218,5): error C4430: identificatore di tipo mancante, verrà utilizzato int. Nota: default-int non è più supportato in C++
  (compilazione del file di origine 'DataBaseConnectivity.cpp')
  
C:\Program Files (x86)\Windows Kits\10\Include\10.0.22621.0\um\sqlext.h(2218,17): error C2143: errore di sintassi: ';' mancante prima di '*'
  (compilazione del file di origine 'DataBaseConnectivity.cpp')
  
C:\Program Files (x86)\Windows Kits\10\Include\10.0.22621.0\um\sqlext.h(2218,28): error C2238: token imprevisti prima di ';'
  (compilazione del file di origine 'DataBaseConnectivity.cpp')
  
C:\Program Files (x86)\Windows Kits\10\Include\10.0.22621.0\um\sqlext.h(2219,13): error C3646: 'dwFlags': identificatore di override sconosciuto
  (compilazione del file di origine 'DataBaseConnectivity.cpp')
  
C:\Program Files (x86)\Windows Kits\10\Include\10.0.22621.0\um\sqlext.h(2219,5): error C4430: identificatore di tipo mancante, verrà utilizzato int. Nota: default-int non è più supportato in C++
  (compilazione del file di origine 'DataBaseConnectivity.cpp')
  
C:\Program Files (x86)\Windows Kits\10\Include\10.0.22621.0\um\sqlext.h(2221,17): error C2143: errore di sintassi: ';' mancante prima di '*'
  (compilazione del file di origine 'DataBaseConnectivity.cpp')
  
C:\Program Files (x86)\Windows Kits\10\Include\10.0.22621.0\um\sqlext.h(2221,9): error C4430: identificatore di tipo mancante, verrà utilizzato int. Nota: default-int non è più supportato in C++
  (compilazione del file di origine 'DataBaseConnectivity.cpp')
  
C:\Program Files (x86)\Windows Kits\10\Include\10.0.22621.0\um\sqlext.h(2221,24): error C2238: token imprevisti prima di ';'
  (compilazione del file di origine 'DataBaseConnectivity.cpp')
  
C:\Program Files (x86)\Windows Kits\10\Include\10.0.22621.0\um\sqlext.h(2222,17): error C2143: errore di sintassi: ';' mancante prima di '*'
  (compilazione del file di origine 'DataBaseConnectivity.cpp')
  
C:\Program Files (x86)\Windows Kits\10\Include\10.0.22621.0\um\sqlext.h(2222,9): error C4430: identificatore di tipo mancante, verrà utilizzato int. Nota: default-int non è più supportato in C++
  (compilazione del file di origine 'DataBaseConnectivity.cpp')
  
C:\Program Files (x86)\Windows Kits\10\Include\10.0.22621.0\um\sqlext.h(2222,23): error C2238: token imprevisti prima di ';'
  (compilazione del file di origine 'DataBaseConnectivity.cpp')
  
C:\Program Files (x86)\Windows Kits\10\Include\10.0.22621.0\um\sqlext.h(2225,17): error C2143: errore di sintassi: ';' mancante prima di '*'
  (compilazione del file di origine 'DataBaseConnectivity.cpp')
  
C:\Program Files (x86)\Windows Kits\10\Include\10.0.22621.0\um\sqlext.h(2225,9): error C4430: identificatore di tipo mancante, verrà utilizzato int. Nota: default-int non è più supportato in C++
  (compilazione del file di origine 'DataBaseConnectivity.cpp')
  
C:\Program Files (x86)\Windows Kits\10\Include\10.0.22621.0\um\sqlext.h(2225,32): error C2238: token imprevisti prima di ';'
  (compilazione del file di origine 'DataBaseConnectivity.cpp')
  
C:\Program Files (x86)\Windows Kits\10\Include\10.0.22621.0\um\sqlext.h(2226,17): error C2143: errore di sintassi: ';' mancante prima di '*'
  (compilazione del file di origine 'DataBaseConnectivity.cpp')
  
C:\Program Files (x86)\Windows Kits\10\Include\10.0.22621.0\um\sqlext.h(2226,9): error C4430: identificatore di tipo mancante, verrà utilizzato int. Nota: default-int non è più supportato in C++
  (compilazione del file di origine 'DataBaseConnectivity.cpp')
  
C:\Program Files (x86)\Windows Kits\10\Include\10.0.22621.0\um\sqlext.h(2226,31): error C2238: token imprevisti prima di ';'
  (compilazione del file di origine 'DataBaseConnectivity.cpp')
  
C:\Program Files (x86)\Windows Kits\10\Include\10.0.22621.0\um\sqlext.h(2231,1): error C4430: identificatore di tipo mancante, verrà utilizzato int. Nota: default-int non è più supportato in C++
  (compilazione del file di origine 'DataBaseConnectivity.cpp')
  
C:\Program Files (x86)\Windows Kits\10\Include\10.0.22621.0\um\sqlext.h(2231,1): error C2086: 'int VOID': ridefinizione
  (compilazione del file di origine 'DataBaseConnectivity.cpp')
      C:\Program Files (x86)\Windows Kits\10\Include\10.0.22621.0\um\sqlext.h(2176,1):
      vedere la dichiarazione di 'VOID'
  
C:\Program Files (x86)\Windows Kits\10\Include\10.0.22621.0\um\sqlext.h(2231,17): error C2146: errore di sintassi: ';' mancante prima dell'identificatore 'FireVSDebugEvent'
  (compilazione del file di origine 'DataBaseConnectivity.cpp')
  
C:\Program Files (x86)\Windows Kits\10\Include\10.0.22621.0\um\sqlucode.h(55,5): error C2061: errore di sintassi: identificatore 'SQLLEN'
  (compilazione del file di origine 'DataBaseConnectivity.cpp')
  
C:\Program Files (x86)\Windows Kits\10\Include\10.0.22621.0\um\sqlucode.h(82,5): error C2061: errore di sintassi: identificatore 'SQLLEN'
  (compilazione del file di origine 'DataBaseConnectivity.cpp')
  
C:\Program Files (x86)\Windows Kits\10\Include\10.0.22621.0\um\sqlucode.h(107,5): error C2061: errore di sintassi: identificatore 'SQLULEN'
  (compilazione del file di origine 'DataBaseConnectivity.cpp')
  
C:\Program Files (x86)\Windows Kits\10\Include\10.0.22621.0\um\sqlucode.h(188,5): error C2061: errore di sintassi: identificatore 'SQLLEN'
  (compilazione del file di origine 'DataBaseConnectivity.cpp')
  
C:\Program Files (x86)\Windows Kits\10\Include\10.0.22621.0\um\sqlucode.h(277,5): error C2061: errore di sintassi: identificatore 'SQLULEN'
  (compilazione del file di origine 'DataBaseConnectivity.cpp')
  
C:\Program Files (x86)\Windows Kits\10\Include\10.0.22621.0\um\sqlucode.h(480,5): error C2061: errore di sintassi: identificatore 'SQLLEN'
  (compilazione del file di origine 'DataBaseConnectivity.cpp')
  
C:\Program Files (x86)\Windows Kits\10\Include\10.0.22621.0\um\sqlucode.h(505,5): error C2061: errore di sintassi: identificatore 'SQLLEN'
  (compilazione del file di origine 'DataBaseConnectivity.cpp')
  
C:\Program Files (x86)\Windows Kits\10\Include\10.0.22621.0\um\sqlucode.h(530,5): error C2061: errore di sintassi: identificatore 'SQLULEN'
  (compilazione del file di origine 'DataBaseConnectivity.cpp')
  
C:\Program Files (x86)\Windows Kits\10\Include\10.0.22621.0\um\sqlucode.h(597,5): error C2061: errore di sintassi: identificatore 'SQLLEN'
  (compilazione del file di origine 'DataBaseConnectivity.cpp')
  
C:\Program Files (x86)\Windows Kits\10\Include\10.0.22621.0\um\sqlucode.h(696,5): error C2061: errore di sintassi: identificatore 'SQLULEN'
  (compilazione del file di origine 'DataBaseConnectivity.cpp')
  
C:\Program Files (x86)\Windows Kits\10\Include\10.0.22621.0\um\sqlucode.h(701,5): error C2061: errore di sintassi: identificatore 'SQLULEN'
  (compilazione del file di origine 'DataBaseConnectivity.cpp')
  
D:\Progetti\Corsi\corso_cpluplus\CorsoCPluPlus\DataBaseConnectivity.cpp(8,24): error C2664: 'SQLRETURN SQLGetDiagRecW(SQLSMALLINT,SQLHANDLE,SQLSMALLINT,SQLWCHAR *,SQLINTEGER *,SQLWCHAR *,SQLSMALLINT,SQLSMALLINT *)': impossibile convertire l'argomento 4 da 'SQLCHAR [1024]' a 'SQLWCHAR *'
      D:\Progetti\Corsi\corso_cpluplus\CorsoCPluPlus\DataBaseConnectivity.cpp(8,61):
      I tipi indicati non sono correlati La conversione richiede reinterpret_cast, cast di tipo C o cast di tipo funzione tra parentesi
      C:\Program Files (x86)\Windows Kits\10\Include\10.0.22621.0\um\sqlucode.h(210,19):
      vedere la dichiarazione di 'SQLGetDiagRecW'
      D:\Progetti\Corsi\corso_cpluplus\CorsoCPluPlus\DataBaseConnectivity.cpp(8,24):
      durante la ricerca di corrispondenza con l'elenco di argomenti '(unsigned int, const SQLHANDLE, int, SQLCHAR [1024], int, SQLCHAR [1024], int, int)'
  
D:\Progetti\Corsi\corso_cpluplus\CorsoCPluPlus\DataBaseConnectivity.cpp(29,17): error C2664: 'SQLRETURN SQLDriverConnectW(SQLHDBC,SQLHWND,SQLWCHAR *,SQLSMALLINT,SQLWCHAR *,SQLSMALLINT,SQLSMALLINT *,SQLUSMALLINT)': impossibile convertire l'argomento 3 da 'SQLCHAR *' a 'SQLWCHAR *'
      D:\Progetti\Corsi\corso_cpluplus\CorsoCPluPlus\DataBaseConnectivity.cpp(29,65):
      I tipi indicati non sono correlati La conversione richiede reinterpret_cast, cast di tipo C o cast di tipo funzione tra parentesi
      C:\Program Files (x86)\Windows Kits\10\Include\10.0.22621.0\um\sqlucode.h(333,19):
      vedere la dichiarazione di 'SQLDriverConnectW'
      D:\Progetti\Corsi\corso_cpluplus\CorsoCPluPlus\DataBaseConnectivity.cpp(29,17):
      durante la ricerca di corrispondenza con l'elenco di argomenti '(SQLHANDLE, int, SQLCHAR *, int, SQLCHAR [1024], int, int, int)'
  
D:\Progetti\Corsi\corso_cpluplus\CorsoCPluPlus\DataBaseConnectivity.cpp(48,28): error C2664: 'SQLRETURN SQLExecDirectW(SQLHSTMT,SQLWCHAR *,SQLINTEGER)': impossibile convertire l'argomento 2 da 'SQLCHAR *' a 'SQLWCHAR *'
      D:\Progetti\Corsi\corso_cpluplus\CorsoCPluPlus\DataBaseConnectivity.cpp(48,67):
      I tipi indicati non sono correlati La conversione richiede reinterpret_cast, cast di tipo C o cast di tipo funzione tra parentesi
      C:\Program Files (x86)\Windows Kits\10\Include\10.0.22621.0\um\sqlucode.h(126,19):
      vedere la dichiarazione di 'SQLExecDirectW'
      D:\Progetti\Corsi\corso_cpluplus\CorsoCPluPlus\DataBaseConnectivity.cpp(48,28):
      durante la ricerca di corrispondenza con l'elenco di argomenti '(SQLHANDLE, SQLCHAR *, int)'
  
D:\Progetti\Corsi\corso_cpluplus\CorsoCPluPlus\DataBaseConnectivity.cpp(55,17): error C2660: 'SQLGetData': la funzione non accetta 6 argomenti
      C:\Program Files (x86)\Windows Kits\10\Include\10.0.22621.0\um\sql.h(748,20):
      vedere la dichiarazione di 'SQLGetData'
      D:\Progetti\Corsi\corso_cpluplus\CorsoCPluPlus\DataBaseConnectivity.cpp(55,17):
      durante la ricerca di corrispondenza con l'elenco di argomenti '(SQLHANDLE, int, int, SQLINTEGER *, int, int)'
  
D:\Progetti\Corsi\corso_cpluplus\CorsoCPluPlus\DataBaseConnectivity.cpp(56,17): error C2660: 'SQLGetData': la funzione non accetta 6 argomenti
      C:\Program Files (x86)\Windows Kits\10\Include\10.0.22621.0\um\sql.h(748,20):
      vedere la dichiarazione di 'SQLGetData'
      D:\Progetti\Corsi\corso_cpluplus\CorsoCPluPlus\DataBaseConnectivity.cpp(56,17):
      durante la ricerca di corrispondenza con l'elenco di argomenti '(SQLHANDLE, int, int, SQLCHAR [64], size_t, int)'
  
